# JRE version: Java(TM) SE Runtime Environment (8.0_271-b09) (build 1.8.0_271-b09)
# Java VM: Java HotSpot(TM) 64-Bit Server VM (25.271-b09 mixed mode windows-amd64 compressed oops)
Heap:
 PSYoungGen      total 202752K, used 163162K [0x00000000d6400000, 0x00000000e3980000, 0x0000000100000000)
  eden space 190976K, 85% used [0x00000000d6400000,0x00000000e0356820,0x00000000e1e80000)
  from space 11776K, 0% used [0x00000000e2e00000,0x00000000e2e00000,0x00000000e3980000)
  to   space 13824K, 0% used [0x00000000e1e80000,0x00000000e1e80000,0x00000000e2c00000)
 ParOldGen       total 88576K, used 13999K [0x0000000082c00000, 0x0000000088280000, 0x00000000d6400000)
  object space 88576K, 15% used [0x0000000082c00000,0x00000000839abcd8,0x0000000088280000)
 Metaspace       used 51975K, capacity 54424K, committed 54528K, reserved 1095680K
  class space    used 7194K, capacity 7659K, committed 7680K, reserved 1048576K
GC Heap History (10 events):
Event: 8.659 GC heap before
{Heap before GC invocations=6 (full 0):
 PSYoungGen      total 70656K, used 23386K [0x00000000d6400000, 0x00000000df600000, 0x0000000100000000)
  eden space 65536K, 27% used [0x00000000d6400000,0x00000000d75daf28,0x00000000da400000)
  from space 5120K, 99% used [0x00000000da400000,0x00000000da8fbbc8,0x00000000da900000)
  to   space 9216K, 0% used [0x00000000ded00000,0x00000000ded00000,0x00000000df600000)
 ParOldGen       total 86016K, used 4428K [0x0000000082c00000, 0x0000000088000000, 0x00000000d6400000)
  object space 86016K, 5% used [0x0000000082c00000,0x00000000830532f8,0x0000000088000000)
 Metaspace       used 20296K, capacity 21170K, committed 21296K, reserved 1067008K
  class space    used 2645K, capacity 2863K, committed 2944K, reserved 1048576K
Event: 8.690 GC heap after
Heap after GC invocations=6 (full 0):
 PSYoungGen      total 139776K, used 7083K [0x00000000d6400000, 0x00000000df700000, 0x0000000100000000)
  eden space 130560K, 0% used [0x00000000d6400000,0x00000000d6400000,0x00000000de380000)
  from space 9216K, 76% used [0x00000000ded00000,0x00000000df3eaec0,0x00000000df600000)
  to   space 9728K, 0% used [0x00000000de380000,0x00000000de380000,0x00000000ded00000)
 ParOldGen       total 86016K, used 4436K [0x0000000082c00000, 0x0000000088000000, 0x00000000d6400000)
  object space 86016K, 5% used [0x0000000082c00000,0x00000000830552f8,0x0000000088000000)
 Metaspace       used 20296K, capacity 21170K, committed 21296K, reserved 1067008K
  class space    used 2645K, capacity 2863K, committed 2944K, reserved 1048576K
}
Event: 8.690 GC heap before
{Heap before GC invocations=7 (full 1):
 PSYoungGen      total 139776K, used 7083K [0x00000000d6400000, 0x00000000df700000, 0x0000000100000000)
  eden space 130560K, 0% used [0x00000000d6400000,0x00000000d6400000,0x00000000de380000)
  from space 9216K, 76% used [0x00000000ded00000,0x00000000df3eaec0,0x00000000df600000)
  to   space 9728K, 0% used [0x00000000de380000,0x00000000de380000,0x00000000ded00000)
 ParOldGen       total 86016K, used 4436K [0x0000000082c00000, 0x0000000088000000, 0x00000000d6400000)
  object space 86016K, 5% used [0x0000000082c00000,0x00000000830552f8,0x0000000088000000)
 Metaspace       used 20296K, capacity 21170K, committed 21296K, reserved 1067008K
  class space    used 2645K, capacity 2863K, committed 2944K, reserved 1048576K
Event: 9.005 GC heap after
Heap after GC invocations=7 (full 1):
 PSYoungGen      total 139776K, used 0K [0x00000000d6400000, 0x00000000df700000, 0x0000000100000000)
  eden space 130560K, 0% used [0x00000000d6400000,0x00000000d6400000,0x00000000de380000)
  from space 9216K, 0% used [0x00000000ded00000,0x00000000ded00000,0x00000000df600000)
  to   space 9728K, 0% used [0x00000000de380000,0x00000000de380000,0x00000000ded00000)
 ParOldGen       total 57856K, used 7203K [0x0000000082c00000, 0x0000000086480000, 0x00000000d6400000)
  object space 57856K, 12% used [0x0000000082c00000,0x0000000083308d50,0x0000000086480000)
 Metaspace       used 20296K, capacity 21170K, committed 21296K, reserved 1067008K
  class space    used 2645K, capacity 2863K, committed 2944K, reserved 1048576K
}
Event: 20.681 GC heap before
{Heap before GC invocations=8 (full 1):
 PSYoungGen      total 139776K, used 130560K [0x00000000d6400000, 0x00000000df700000, 0x0000000100000000)
  eden space 130560K, 100% used [0x00000000d6400000,0x00000000de380000,0x00000000de380000)
  from space 9216K, 0% used [0x00000000ded00000,0x00000000ded00000,0x00000000df600000)
  to   space 9728K, 0% used [0x00000000de380000,0x00000000de380000,0x00000000ded00000)
 ParOldGen       total 57856K, used 7203K [0x0000000082c00000, 0x0000000086480000, 0x00000000d6400000)
  object space 57856K, 12% used [0x0000000082c00000,0x0000000083308d50,0x0000000086480000)
 Metaspace       used 30695K, capacity 32788K, committed 33024K, reserved 1077248K
  class space    used 4121K, capacity 4511K, committed 4608K, reserved 1048576K
Event: 20.757 GC heap after
Heap after GC invocations=8 (full 1):
 PSYoungGen      total 140288K, used 9709K [0x00000000d6400000, 0x00000000e3b80000, 0x0000000100000000)
  eden space 130560K, 0% used [0x00000000d6400000,0x00000000d6400000,0x00000000de380000)
  from space 9728K, 99% used [0x00000000de380000,0x00000000decfb4d8,0x00000000ded00000)
  to   space 13824K, 0% used [0x00000000e2e00000,0x00000000e2e00000,0x00000000e3b80000)
 ParOldGen       total 57856K, used 12454K [0x0000000082c00000, 0x0000000086480000, 0x00000000d6400000)
  object space 57856K, 21% used [0x0000000082c00000,0x0000000083829ba8,0x0000000086480000)
 Metaspace       used 30695K, capacity 32788K, committed 33024K, reserved 1077248K
  class space    used 4121K, capacity 4511K, committed 4608K, reserved 1048576K
}
Event: 22.842 GC heap before
{Heap before GC invocations=9 (full 1):
 PSYoungGen      total 140288K, used 111483K [0x00000000d6400000, 0x00000000e3b80000, 0x0000000100000000)
  eden space 130560K, 77% used [0x00000000d6400000,0x00000000dc7638f0,0x00000000de380000)
  from space 9728K, 99% used [0x00000000de380000,0x00000000decfb4d8,0x00000000ded00000)
  to   space 13824K, 0% used [0x00000000e2e00000,0x00000000e2e00000,0x00000000e3b80000)
 ParOldGen       total 57856K, used 12454K [0x0000000082c00000, 0x0000000086480000, 0x00000000d6400000)
  object space 57856K, 21% used [0x0000000082c00000,0x0000000083829ba8,0x0000000086480000)
 Metaspace       used 33295K, capacity 35420K, committed 35496K, reserved 1079296K
  class space    used 4401K, capacity 4799K, committed 4864K, reserved 1048576K
Event: 22.894 GC heap after
Heap after GC invocations=9 (full 1):
 PSYoungGen      total 202752K, used 8875K [0x00000000d6400000, 0x00000000e3980000, 0x0000000100000000)
  eden space 190976K, 0% used [0x00000000d6400000,0x00000000d6400000,0x00000000e1e80000)
  from space 11776K, 75% used [0x00000000e2e00000,0x00000000e36aade8,0x00000000e3980000)
  to   space 13824K, 0% used [0x00000000e1e80000,0x00000000e1e80000,0x00000000e2c00000)
 ParOldGen       total 57856K, used 12462K [0x0000000082c00000, 0x0000000086480000, 0x00000000d6400000)
  object space 57856K, 21% used [0x0000000082c00000,0x000000008382bba8,0x0000000086480000)
 Metaspace       used 33295K, capacity 35420K, committed 35496K, reserved 1079296K
  class space    used 4401K, capacity 4799K, committed 4864K, reserved 1048576K
}
Event: 22.894 GC heap before
{Heap before GC invocations=10 (full 2):
 PSYoungGen      total 202752K, used 8875K [0x00000000d6400000, 0x00000000e3980000, 0x0000000100000000)
  eden space 190976K, 0% used [0x00000000d6400000,0x00000000d6400000,0x00000000e1e80000)
  from space 11776K, 75% used [0x00000000e2e00000,0x00000000e36aade8,0x00000000e3980000)
  to   space 13824K, 0% used [0x00000000e1e80000,0x00000000e1e80000,0x00000000e2c00000)
 ParOldGen       total 57856K, used 12462K [0x0000000082c00000, 0x0000000086480000, 0x00000000d6400000)
  object space 57856K, 21% used [0x0000000082c00000,0x000000008382bba8,0x0000000086480000)
 Metaspace       used 33295K, capacity 35420K, committed 35496K, reserved 1079296K
  class space    used 4401K, capacity 4799K, committed 4864K, reserved 1048576K
Event: 23.081 GC heap after
Heap after GC invocations=10 (full 2):
 PSYoungGen      total 202752K, used 0K [0x00000000d6400000, 0x00000000e3980000, 0x0000000100000000)
  eden space 190976K, 0% used [0x00000000d6400000,0x00000000d6400000,0x00000000e1e80000)
  from space 11776K, 0% used [0x00000000e2e00000,0x00000000e2e00000,0x00000000e3980000)
  to   space 13824K, 0% used [0x00000000e1e80000,0x00000000e1e80000,0x00000000e2c00000)
 ParOldGen       total 88576K, used 13999K [0x0000000082c00000, 0x0000000088280000, 0x00000000d6400000)
  object space 88576K, 15% used [0x0000000082c00000,0x00000000839abcd8,0x0000000088280000)
 Metaspace       used 33295K, capacity 35420K, committed 35496K, reserved 1079296K
  class space    used 4401K, capacity 4799K, committed 4864K, reserved 1048576K
}

